<?xml version="1.0" encoding="UTF-8"?>
<!-- Generated by org.testng.reporters.JUnitXMLReporter -->
<testsuite ignored="3" hostname="DESKTOP-6DBIAP9" failures="0" tests="1" name="Default test" time="13.912" errors="0" timestamp="2026-09-01T19:11:21 IST">
  <testcase classname="testcases.TC_Login_Page" name="forgotpassword" time="3.332"/>
  <testcase classname="testcases.TC_Login_Page" name="validLogin" time="0.0">
    <ignored/>
  </testcase> <!-- validLogin -->
  <testcase classname="testcases.TC_Login_Page" name="invalidLogin2" time="0.0">
    <ignored/>
  </testcase> <!-- invalidLogin2 -->
  <testcase classname="testcases.TC_Login_Page" name="invalidLogin1" time="0.0">
    <ignored/>
  </testcase> <!-- invalidLogin1 -->
</testsuite> <!-- Default test -->
