<?xml version="1.0" encoding="UTF-8"?>
<testng-results ignored="3" total="4" passed="1" failed="0" skipped="0">
  <reporter-output>
  </reporter-output>
  <suite started-at="2026-09-01T19:11:07 IST" name="Default suite" finished-at="2026-09-01T19:11:21 IST" duration-ms="13912">
    <groups>
    </groups>
    <test started-at="2026-09-01T19:11:07 IST" name="Default test" finished-at="2026-09-01T19:11:21 IST" duration-ms="13912">
      <class name="testcases.TC_Login_Page">
        <test-method is-config="true" signature="startup()[pri:0, instance:testcases.TC_Login_Page@2a4fb17b]" started-at="2026-09-01T19:11:07 IST" name="startup" finished-at="2026-09-01T19:11:16 IST" duration-ms="8706" status="PASS">
          <reporter-output>
          </reporter-output>
        </test-method> <!-- startup -->
        <test-method signature="forgotpassword()[pri:4, instance:testcases.TC_Login_Page@2a4fb17b]" started-at="2026-09-01T19:11:16 IST" name="forgotpassword" finished-at="2026-09-01T19:11:19 IST" duration-ms="3332" status="PASS">
          <reporter-output>
          </reporter-output>
        </test-method> <!-- forgotpassword -->
        <test-method is-config="true" signature="closeout()[pri:0, instance:testcases.TC_Login_Page@2a4fb17b]" started-at="2026-09-01T19:11:19 IST" name="closeout" finished-at="2026-09-01T19:11:21 IST" duration-ms="1712" status="PASS">
          <reporter-output>
          </reporter-output>
        </test-method> <!-- closeout -->
      </class> <!-- testcases.TC_Login_Page -->
    </test> <!-- Default test -->
  </suite> <!-- Default suite -->
</testng-results>
