<?xml version="1.0" encoding="UTF-8"?>
<testng-results ignored="0" total="4" passed="2" failed="2" skipped="0">
  <reporter-output>
  </reporter-output>
  <suite started-at="2026-09-01T15:11:47 IST" name="Default suite" finished-at="2026-09-01T15:12:46 IST" duration-ms="59781">
    <groups>
    </groups>
    <test started-at="2026-09-01T15:11:47 IST" name="Default test" finished-at="2026-09-01T15:12:46 IST" duration-ms="59781">
      <class name="testcases.TestCase1">
        <test-method is-config="true" signature="startup()[pri:0, instance:testcases.TestCase1@2a4fb17b]" started-at="2026-09-01T15:11:47 IST" name="startup" finished-at="2026-09-01T15:11:57 IST" duration-ms="10177" status="PASS">
          <reporter-output>
          </reporter-output>
        </test-method> <!-- startup -->
        <test-method signature="validLogin()[pri:1, instance:testcases.TestCase1@2a4fb17b]" started-at="2026-09-01T15:11:57 IST" name="validLogin" finished-at="2026-09-01T15:11:59 IST" duration-ms="2186" status="PASS">
          <reporter-output>
          </reporter-output>
        </test-method> <!-- validLogin -->
        <test-method is-config="true" signature="closeout()[pri:0, instance:testcases.TestCase1@2a4fb17b]" started-at="2026-09-01T15:11:59 IST" name="closeout" finished-at="2026-09-01T15:12:05 IST" duration-ms="5753" status="PASS">
          <reporter-output>
          </reporter-output>
        </test-method> <!-- closeout -->
        <test-method is-config="true" signature="startup()[pri:0, instance:testcases.TestCase1@2a4fb17b]" started-at="2026-09-01T15:12:05 IST" name="startup" finished-at="2026-09-01T15:12:09 IST" duration-ms="4216" status="PASS">
          <reporter-output>
          </reporter-output>
        </test-method> <!-- startup -->
        <test-method signature="invalidLogin1()[pri:2, instance:testcases.TestCase1@2a4fb17b]" started-at="2026-09-01T15:12:09 IST" name="invalidLogin1" finished-at="2026-09-01T15:12:31 IST" duration-ms="21701" status="FAIL">
          <exception class="com.microsoft.playwright.impl.TargetClosedError">
            <message>
              <![CDATA[Error {
  message='Target page, context or browser has been closed
  name='TargetClosedError
  stack='TargetClosedError:Target page, context or browser has been closed
Error
    at captureRawStack (C:\Users\Admin\AppData\Local\Temp\playwright-java-15677745456779198306\package\lib\coreBundle.js:3172:17)
    at LongStandingScope._race (C:\Users\Admin\AppData\Local\Temp\playwright-java-15677745456779198306\package\lib\coreBundle.js:3383:24)
    at LongStandingScope.race (C:\Users\Admin\AppData\Local\Temp\playwright-java-15677745456779198306\package\lib\coreBundle.js:3376:21)
    at C:\Users\Admin\AppData\Local\Temp\playwright-java-15677745456779198306\package\lib\coreBundle.js:3373:49
    at Array.map (<anonymous>)
    at LongStandingScope.raceMultiple (C:\Users\Admin\AppData\Local\Temp\playwright-java-15677745456779198306\package\lib\coreBundle.js:3373:36)
    at _Frame.retryWithProgressAndTimeouts (C:\Users\Admin\AppData\Local\Temp\playwright-java-15677745456779198306\package\lib\coreBundle.js:23097:52)
    at async _Frame.retryWithProgressAndBackoff (C:\Users\Admin\AppData\Local\Temp\playwright-java-15677745456779198306\package\lib\coreBundle.js:23087:16)
    at async _Frame.click (C:\Users\Admin\AppData\Local\Temp\playwright-java-15677745456779198306\package\lib\coreBundle.js:23185:27)
    at async _FrameDispatcher.click (C:\Users\Admin\AppData\Local\Temp\playwright-java-15677745456779198306\package\lib\coreBundle.js:53459:16)
    at async _ProgressController.run (C:\Users\Admin\AppData\Local\Temp\playwright-java-15677745456779198306\package\lib\coreBundle.js:11762:27)
    at async _FrameDispatcher._runCommand (C:\Users\Admin\AppData\Local\Temp\playwright-java-15677745456779198306\package\lib\coreBundle.js:18203:18)
    at async DispatcherConnection.dispatch (C:\Users\Admin\AppData\Local\Temp\playwright-java-15677745456779198306\package\lib\coreBundle.js:18408:27)
}
Call log:
-   - waiting for getByRole(AriaRole.TEXTBOX, new Page.GetByRoleOptions().setName("password"))
]]>
            </message>
            <full-stacktrace>
              <![CDATA[com.microsoft.playwright.impl.TargetClosedError: Error {
  message='Target page, context or browser has been closed
  name='TargetClosedError
  stack='TargetClosedError:Target page, context or browser has been closed
Error
    at captureRawStack (C:\Users\Admin\AppData\Local\Temp\playwright-java-15677745456779198306\package\lib\coreBundle.js:3172:17)
    at LongStandingScope._race (C:\Users\Admin\AppData\Local\Temp\playwright-java-15677745456779198306\package\lib\coreBundle.js:3383:24)
    at LongStandingScope.race (C:\Users\Admin\AppData\Local\Temp\playwright-java-15677745456779198306\package\lib\coreBundle.js:3376:21)
    at C:\Users\Admin\AppData\Local\Temp\playwright-java-15677745456779198306\package\lib\coreBundle.js:3373:49
    at Array.map (<anonymous>)
    at LongStandingScope.raceMultiple (C:\Users\Admin\AppData\Local\Temp\playwright-java-15677745456779198306\package\lib\coreBundle.js:3373:36)
    at _Frame.retryWithProgressAndTimeouts (C:\Users\Admin\AppData\Local\Temp\playwright-java-15677745456779198306\package\lib\coreBundle.js:23097:52)
    at async _Frame.retryWithProgressAndBackoff (C:\Users\Admin\AppData\Local\Temp\playwright-java-15677745456779198306\package\lib\coreBundle.js:23087:16)
    at async _Frame.click (C:\Users\Admin\AppData\Local\Temp\playwright-java-15677745456779198306\package\lib\coreBundle.js:23185:27)
    at async _FrameDispatcher.click (C:\Users\Admin\AppData\Local\Temp\playwright-java-15677745456779198306\package\lib\coreBundle.js:53459:16)
    at async _ProgressController.run (C:\Users\Admin\AppData\Local\Temp\playwright-java-15677745456779198306\package\lib\coreBundle.js:11762:27)
    at async _FrameDispatcher._runCommand (C:\Users\Admin\AppData\Local\Temp\playwright-java-15677745456779198306\package\lib\coreBundle.js:18203:18)
    at async DispatcherConnection.dispatch (C:\Users\Admin\AppData\Local\Temp\playwright-java-15677745456779198306\package\lib\coreBundle.js:18408:27)
}
Call log:
-   - waiting for getByRole(AriaRole.TEXTBOX, new Page.GetByRoleOptions().setName("password"))

at com.microsoft.playwright.impl.WaitableResult.get(WaitableResult.java:54)
at com.microsoft.playwright.impl.ChannelOwner.runUntil(ChannelOwner.java:146)
at com.microsoft.playwright.impl.Connection.sendMessage(Connection.java:132)
at com.microsoft.playwright.impl.ChannelOwner.sendMessage(ChannelOwner.java:132)
at com.microsoft.playwright.impl.FrameImpl.clickImpl(FrameImpl.java:244)
at com.microsoft.playwright.impl.LocatorImpl.click(LocatorImpl.java:172)
at com.microsoft.playwright.Locator.click(Locator.java:2677)
at page_elements.LoginPage.password(LoginPage.java:50)
at testcases.TestCase1.invalidLogin1(TestCase1.java:37)
at java.base/jdk.internal.reflect.DirectMethodHandleAccessor.invoke(DirectMethodHandleAccessor.java:103)
at java.base/java.lang.reflect.Method.invoke(Method.java:580)
at org.testng.internal.invokers.MethodInvocationHelper.invokeMethod(MethodInvocationHelper.java:141)
at org.testng.internal.invokers.TestInvoker.invokeMethod(TestInvoker.java:687)
at org.testng.internal.invokers.TestInvoker.invokeTestMethod(TestInvoker.java:230)
at org.testng.internal.invokers.MethodRunner.runInSequence(MethodRunner.java:63)
at org.testng.internal.invokers.TestInvoker$MethodInvocationAgent.invoke(TestInvoker.java:995)
at org.testng.internal.invokers.TestInvoker.invokeTestMethods(TestInvoker.java:203)
at org.testng.internal.invokers.TestMethodWorker.invokeTestMethods(TestMethodWorker.java:154)
at org.testng.internal.invokers.TestMethodWorker.run(TestMethodWorker.java:134)
at java.base/java.util.ArrayList.forEach(ArrayList.java:1596)
at org.testng.TestRunner.privateRun(TestRunner.java:741)
at org.testng.TestRunner.run(TestRunner.java:616)
at org.testng.SuiteRunner.runTest(SuiteRunner.java:421)
at org.testng.SuiteRunner.runSequentially(SuiteRunner.java:413)
at org.testng.SuiteRunner.privateRun(SuiteRunner.java:373)
at org.testng.SuiteRunner.run(SuiteRunner.java:312)
at org.testng.SuiteRunnerWorker.runSuite(SuiteRunnerWorker.java:52)
at org.testng.SuiteRunnerWorker.run(SuiteRunnerWorker.java:95)
at org.testng.TestNG.runSuitesSequentially(TestNG.java:1274)
at org.testng.TestNG.runSuitesLocally(TestNG.java:1208)
at org.testng.TestNG.runSuites(TestNG.java:1112)
at org.testng.TestNG.run(TestNG.java:1079)
at org.testng.remote.AbstractRemoteTestNG.run(AbstractRemoteTestNG.java:115)
at org.testng.remote.RemoteTestNG.initAndRun(RemoteTestNG.java:293)
at org.testng.remote.RemoteTestNG.main(RemoteTestNG.java:91)
Caused by: com.microsoft.playwright.impl.TargetClosedError: Error {
  message='Target page, context or browser has been closed
  name='TargetClosedError
  stack='TargetClosedError:Target page, context or browser has been closed
Error
    at captureRawStack (C:\Users\Admin\AppData\Local\Temp\playwright-java-15677745456779198306\package\lib\coreBundle.js:3172:17)
    at LongStandingScope._race (C:\Users\Admin\AppData\Local\Temp\playwright-java-15677745456779198306\package\lib\coreBundle.js:3383:24)
    at LongStandingScope.race (C:\Users\Admin\AppData\Local\Temp\playwright-java-15677745456779198306\package\lib\coreBundle.js:3376:21)
    at C:\Users\Admin\AppData\Local\Temp\playwright-java-15677745456779198306\package\lib\coreBundle.js:3373:49
    at Array.map (<anonymous>)
    at LongStandingScope.raceMultiple (C:\Users\Admin\AppData\Local\Temp\playwright-java-15677745456779198306\package\lib\coreBundle.js:3373:36)
    at _Frame.retryWithProgressAndTimeouts (C:\Users\Admin\AppData\Local\Temp\playwright-java-15677745456779198306\package\lib\coreBundle.js:23097:52)
    at async _Frame.retryWithProgressAndBackoff (C:\Users\Admin\AppData\Local\Temp\playwright-java-15677745456779198306\package\lib\coreBundle.js:23087:16)
    at async _Frame.click (C:\Users\Admin\AppData\Local\Temp\playwright-java-15677745456779198306\package\lib\coreBundle.js:23185:27)
    at async _FrameDispatcher.click (C:\Users\Admin\AppData\Local\Temp\playwright-java-15677745456779198306\package\lib\coreBundle.js:53459:16)
    at async _ProgressController.run (C:\Users\Admin\AppData\Local\Temp\playwright-java-15677745456779198306\package\lib\coreBundle.js:11762:27)
    at async _FrameDispatcher._runCommand (C:\Users\Admin\AppData\Local\Temp\playwright-java-15677745456779198306\package\lib\coreBundle.js:18203:18)
    at async DispatcherConnection.dispatch (C:\Users\Admin\AppData\Local\Temp\playwright-java-15677745456779198306\package\lib\coreBundle.js:18408:27)
}
Call log:
-   - waiting for getByRole(AriaRole.TEXTBOX, new Page.GetByRoleOptions().setName("password"))

at com.microsoft.playwright.impl.Connection.dispatch(Connection.java:268)
at com.microsoft.playwright.impl.Connection.processOneMessage(Connection.java:222)
at com.microsoft.playwright.impl.ChannelOwner.runUntil(ChannelOwner.java:144)
... 33 more
]]>
            </full-stacktrace>
          </exception> <!-- com.microsoft.playwright.impl.TargetClosedError -->
          <reporter-output>
          </reporter-output>
        </test-method> <!-- invalidLogin1 -->
        <test-method is-config="true" signature="closeout()[pri:0, instance:testcases.TestCase1@2a4fb17b]" started-at="2026-09-01T15:12:31 IST" name="closeout" finished-at="2026-09-01T15:12:32 IST" duration-ms="807" status="PASS">
          <reporter-output>
          </reporter-output>
        </test-method> <!-- closeout -->
        <test-method is-config="true" signature="startup()[pri:0, instance:testcases.TestCase1@2a4fb17b]" started-at="2026-09-01T15:12:32 IST" name="startup" finished-at="2026-09-01T15:12:35 IST" duration-ms="3508" status="PASS">
          <reporter-output>
          </reporter-output>
        </test-method> <!-- startup -->
        <test-method signature="invalidLogin2()[pri:3, instance:testcases.TestCase1@2a4fb17b]" started-at="2026-09-01T15:12:35 IST" name="invalidLogin2" finished-at="2026-09-01T15:12:37 IST" duration-ms="1875" status="PASS">
          <reporter-output>
          </reporter-output>
        </test-method> <!-- invalidLogin2 -->
        <test-method is-config="true" signature="closeout()[pri:0, instance:testcases.TestCase1@2a4fb17b]" started-at="2026-09-01T15:12:37 IST" name="closeout" finished-at="2026-09-01T15:12:39 IST" duration-ms="2246" status="PASS">
          <reporter-output>
          </reporter-output>
        </test-method> <!-- closeout -->
        <test-method is-config="true" signature="startup()[pri:0, instance:testcases.TestCase1@2a4fb17b]" started-at="2026-09-01T15:12:39 IST" name="startup" finished-at="2026-09-01T15:12:43 IST" duration-ms="3546" status="PASS">
          <reporter-output>
          </reporter-output>
        </test-method> <!-- startup -->
        <test-method signature="invalidLogin3()[pri:4, instance:testcases.TestCase1@2a4fb17b]" started-at="2026-09-01T15:12:43 IST" name="invalidLogin3" finished-at="2026-09-01T15:12:46 IST" duration-ms="2697" status="FAIL">
          <exception class="com.microsoft.playwright.impl.TargetClosedError">
            <message>
              <![CDATA[Error {
  message='Target page, context or browser has been closed
  name='TargetClosedError
  stack='TargetClosedError:Target page, context or browser has been closed
Error
    at captureRawStack (C:\Users\Admin\AppData\Local\Temp\playwright-java-15677745456779198306\package\lib\coreBundle.js:3172:17)
    at LongStandingScope._race (C:\Users\Admin\AppData\Local\Temp\playwright-java-15677745456779198306\package\lib\coreBundle.js:3383:24)
    at LongStandingScope.race (C:\Users\Admin\AppData\Local\Temp\playwright-java-15677745456779198306\package\lib\coreBundle.js:3376:21)
    at C:\Users\Admin\AppData\Local\Temp\playwright-java-15677745456779198306\package\lib\coreBundle.js:3373:49
    at Array.map (<anonymous>)
    at LongStandingScope.raceMultiple (C:\Users\Admin\AppData\Local\Temp\playwright-java-15677745456779198306\package\lib\coreBundle.js:3373:36)
    at _Frame.retryWithProgressAndTimeouts (C:\Users\Admin\AppData\Local\Temp\playwright-java-15677745456779198306\package\lib\coreBundle.js:23097:52)
    at async _Frame.retryWithProgressAndBackoff (C:\Users\Admin\AppData\Local\Temp\playwright-java-15677745456779198306\package\lib\coreBundle.js:23087:16)
    at async _Frame.click (C:\Users\Admin\AppData\Local\Temp\playwright-java-15677745456779198306\package\lib\coreBundle.js:23185:27)
    at async _FrameDispatcher.click (C:\Users\Admin\AppData\Local\Temp\playwright-java-15677745456779198306\package\lib\coreBundle.js:53459:16)
    at async _ProgressController.run (C:\Users\Admin\AppData\Local\Temp\playwright-java-15677745456779198306\package\lib\coreBundle.js:11762:27)
    at async _FrameDispatcher._runCommand (C:\Users\Admin\AppData\Local\Temp\playwright-java-15677745456779198306\package\lib\coreBundle.js:18203:18)
    at async DispatcherConnection.dispatch (C:\Users\Admin\AppData\Local\Temp\playwright-java-15677745456779198306\package\lib\coreBundle.js:18408:27)
}
Call log:
-   - waiting for getByRole(AriaRole.TEXTBOX, new Page.GetByRoleOptions().setName("password"))
]]>
            </message>
            <full-stacktrace>
              <![CDATA[com.microsoft.playwright.impl.TargetClosedError: Error {
  message='Target page, context or browser has been closed
  name='TargetClosedError
  stack='TargetClosedError:Target page, context or browser has been closed
Error
    at captureRawStack (C:\Users\Admin\AppData\Local\Temp\playwright-java-15677745456779198306\package\lib\coreBundle.js:3172:17)
    at LongStandingScope._race (C:\Users\Admin\AppData\Local\Temp\playwright-java-15677745456779198306\package\lib\coreBundle.js:3383:24)
    at LongStandingScope.race (C:\Users\Admin\AppData\Local\Temp\playwright-java-15677745456779198306\package\lib\coreBundle.js:3376:21)
    at C:\Users\Admin\AppData\Local\Temp\playwright-java-15677745456779198306\package\lib\coreBundle.js:3373:49
    at Array.map (<anonymous>)
    at LongStandingScope.raceMultiple (C:\Users\Admin\AppData\Local\Temp\playwright-java-15677745456779198306\package\lib\coreBundle.js:3373:36)
    at _Frame.retryWithProgressAndTimeouts (C:\Users\Admin\AppData\Local\Temp\playwright-java-15677745456779198306\package\lib\coreBundle.js:23097:52)
    at async _Frame.retryWithProgressAndBackoff (C:\Users\Admin\AppData\Local\Temp\playwright-java-15677745456779198306\package\lib\coreBundle.js:23087:16)
    at async _Frame.click (C:\Users\Admin\AppData\Local\Temp\playwright-java-15677745456779198306\package\lib\coreBundle.js:23185:27)
    at async _FrameDispatcher.click (C:\Users\Admin\AppData\Local\Temp\playwright-java-15677745456779198306\package\lib\coreBundle.js:53459:16)
    at async _ProgressController.run (C:\Users\Admin\AppData\Local\Temp\playwright-java-15677745456779198306\package\lib\coreBundle.js:11762:27)
    at async _FrameDispatcher._runCommand (C:\Users\Admin\AppData\Local\Temp\playwright-java-15677745456779198306\package\lib\coreBundle.js:18203:18)
    at async DispatcherConnection.dispatch (C:\Users\Admin\AppData\Local\Temp\playwright-java-15677745456779198306\package\lib\coreBundle.js:18408:27)
}
Call log:
-   - waiting for getByRole(AriaRole.TEXTBOX, new Page.GetByRoleOptions().setName("password"))

at com.microsoft.playwright.impl.WaitableResult.get(WaitableResult.java:54)
at com.microsoft.playwright.impl.ChannelOwner.runUntil(ChannelOwner.java:146)
at com.microsoft.playwright.impl.Connection.sendMessage(Connection.java:132)
at com.microsoft.playwright.impl.ChannelOwner.sendMessage(ChannelOwner.java:132)
at com.microsoft.playwright.impl.FrameImpl.clickImpl(FrameImpl.java:244)
at com.microsoft.playwright.impl.LocatorImpl.click(LocatorImpl.java:172)
at com.microsoft.playwright.Locator.click(Locator.java:2677)
at page_elements.LoginPage.password(LoginPage.java:50)
at testcases.TestCase1.invalidLogin3(TestCase1.java:61)
at java.base/jdk.internal.reflect.DirectMethodHandleAccessor.invoke(DirectMethodHandleAccessor.java:103)
at java.base/java.lang.reflect.Method.invoke(Method.java:580)
at org.testng.internal.invokers.MethodInvocationHelper.invokeMethod(MethodInvocationHelper.java:141)
at org.testng.internal.invokers.TestInvoker.invokeMethod(TestInvoker.java:687)
at org.testng.internal.invokers.TestInvoker.invokeTestMethod(TestInvoker.java:230)
at org.testng.internal.invokers.MethodRunner.runInSequence(MethodRunner.java:63)
at org.testng.internal.invokers.TestInvoker$MethodInvocationAgent.invoke(TestInvoker.java:995)
at org.testng.internal.invokers.TestInvoker.invokeTestMethods(TestInvoker.java:203)
at org.testng.internal.invokers.TestMethodWorker.invokeTestMethods(TestMethodWorker.java:154)
at org.testng.internal.invokers.TestMethodWorker.run(TestMethodWorker.java:134)
at java.base/java.util.ArrayList.forEach(ArrayList.java:1596)
at org.testng.TestRunner.privateRun(TestRunner.java:741)
at org.testng.TestRunner.run(TestRunner.java:616)
at org.testng.SuiteRunner.runTest(SuiteRunner.java:421)
at org.testng.SuiteRunner.runSequentially(SuiteRunner.java:413)
at org.testng.SuiteRunner.privateRun(SuiteRunner.java:373)
at org.testng.SuiteRunner.run(SuiteRunner.java:312)
at org.testng.SuiteRunnerWorker.runSuite(SuiteRunnerWorker.java:52)
at org.testng.SuiteRunnerWorker.run(SuiteRunnerWorker.java:95)
at org.testng.TestNG.runSuitesSequentially(TestNG.java:1274)
at org.testng.TestNG.runSuitesLocally(TestNG.java:1208)
at org.testng.TestNG.runSuites(TestNG.java:1112)
at org.testng.TestNG.run(TestNG.java:1079)
at org.testng.remote.AbstractRemoteTestNG.run(AbstractRemoteTestNG.java:115)
at org.testng.remote.RemoteTestNG.initAndRun(RemoteTestNG.java:293)
at org.testng.remote.RemoteTestNG.main(RemoteTestNG.java:91)
Caused by: com.microsoft.playwright.impl.TargetClosedError: Error {
  message='Target page, context or browser has been closed
  name='TargetClosedError
  stack='TargetClosedError:Target page, context or browser has been closed
Error
    at captureRawStack (C:\Users\Admin\AppData\Local\Temp\playwright-java-15677745456779198306\package\lib\coreBundle.js:3172:17)
    at LongStandingScope._race (C:\Users\Admin\AppData\Local\Temp\playwright-java-15677745456779198306\package\lib\coreBundle.js:3383:24)
    at LongStandingScope.race (C:\Users\Admin\AppData\Local\Temp\playwright-java-15677745456779198306\package\lib\coreBundle.js:3376:21)
    at C:\Users\Admin\AppData\Local\Temp\playwright-java-15677745456779198306\package\lib\coreBundle.js:3373:49
    at Array.map (<anonymous>)
    at LongStandingScope.raceMultiple (C:\Users\Admin\AppData\Local\Temp\playwright-java-15677745456779198306\package\lib\coreBundle.js:3373:36)
    at _Frame.retryWithProgressAndTimeouts (C:\Users\Admin\AppData\Local\Temp\playwright-java-15677745456779198306\package\lib\coreBundle.js:23097:52)
    at async _Frame.retryWithProgressAndBackoff (C:\Users\Admin\AppData\Local\Temp\playwright-java-15677745456779198306\package\lib\coreBundle.js:23087:16)
    at async _Frame.click (C:\Users\Admin\AppData\Local\Temp\playwright-java-15677745456779198306\package\lib\coreBundle.js:23185:27)
    at async _FrameDispatcher.click (C:\Users\Admin\AppData\Local\Temp\playwright-java-15677745456779198306\package\lib\coreBundle.js:53459:16)
    at async _ProgressController.run (C:\Users\Admin\AppData\Local\Temp\playwright-java-15677745456779198306\package\lib\coreBundle.js:11762:27)
    at async _FrameDispatcher._runCommand (C:\Users\Admin\AppData\Local\Temp\playwright-java-15677745456779198306\package\lib\coreBundle.js:18203:18)
    at async DispatcherConnection.dispatch (C:\Users\Admin\AppData\Local\Temp\playwright-java-15677745456779198306\package\lib\coreBundle.js:18408:27)
}
Call log:
-   - waiting for getByRole(AriaRole.TEXTBOX, new Page.GetByRoleOptions().setName("password"))

at com.microsoft.playwright.impl.Connection.dispatch(Connection.java:268)
at com.microsoft.playwright.impl.Connection.processOneMessage(Connection.java:222)
at com.microsoft.playwright.impl.ChannelOwner.runUntil(ChannelOwner.java:144)
... 33 more
]]>
            </full-stacktrace>
          </exception> <!-- com.microsoft.playwright.impl.TargetClosedError -->
          <reporter-output>
          </reporter-output>
        </test-method> <!-- invalidLogin3 -->
        <test-method is-config="true" signature="closeout()[pri:0, instance:testcases.TestCase1@2a4fb17b]" started-at="2026-09-01T15:12:46 IST" name="closeout" finished-at="2026-09-01T15:12:46 IST" duration-ms="821" status="PASS">
          <reporter-output>
          </reporter-output>
        </test-method> <!-- closeout -->
      </class> <!-- testcases.TestCase1 -->
    </test> <!-- Default test -->
  </suite> <!-- Default suite -->
</testng-results>
