<?xml version="1.0" encoding="UTF-8"?>
<!-- Generated by org.testng.reporters.JUnitReportReporter -->
<testsuite hostname="DESKTOP-6DBIAP9" failures="0" tests="4" name="testcases.TC_Login_Page" time="13.750" errors="0" timestamp="2026-09-01T19:11:21 IST" skipped="3">
  <testcase classname="testcases.TC_Login_Page" name="forgotpassword" time="13.750"/>
  <testcase classname="testcases.TC_Login_Page" name="validLogin">
    <skipped/>
  </testcase> <!-- validLogin -->
  <testcase classname="testcases.TC_Login_Page" name="invalidLogin2">
    <skipped/>
  </testcase> <!-- invalidLogin2 -->
  <testcase classname="testcases.TC_Login_Page" name="invalidLogin1">
    <skipped/>
  </testcase> <!-- invalidLogin1 -->
</testsuite> <!-- testcases.TC_Login_Page -->
