<?xml version="1.0" encoding="UTF-8"?>
<!-- Generated by org.testng.reporters.JUnitReportReporter -->
<testsuite hostname="DESKTOP-6DBIAP9" failures="0" tests="4" name="testcases.TestCase1" time="59.533" errors="2" timestamp="2026-09-01T15:12:47 IST" skipped="0">
  <testcase classname="testcases.TestCase1" name="validLogin" time="7.978"/>
  <testcase classname="testcases.TestCase1" name="invalidLogin1" time="26.016">
    <error message="Error {
  message=&#039;Target page, context or browser has been closed
  name=&#039;TargetClosedError
  stack=&#039;TargetClosedError:Target page, context or browser has been closed
Error
    at captureRawStack (C:\Users\Admin\AppData\Local\Temp\playwright-java-15677745456779198306\package\lib\coreBundle.js:3172:17)
    at LongStandingScope._race (C:\Users\Admin\AppData\Local\Temp\playwright-java-15677745456779198306\package\lib\coreBundle.js:3383:24)
    at LongStandingScope.race (C:\Users\Admin\AppData\Local\Temp\playwright-java-15677745456779198306\package\lib\coreBundle.js:3376:21)
    at C:\Users\Admin\AppData\Local\Temp\playwright-java-15677745456779198306\package\lib\coreBundle.js:3373:49
    at Array.map (&lt;anonymous&gt;)
    at LongStandingScope.raceMultiple (C:\Users\Admin\AppData\Local\Temp\playwright-java-15677745456779198306\package\lib\coreBundle.js:3373:36)
    at _Frame.retryWithProgressAndTimeouts (C:\Users\Admin\AppData\Local\Temp\playwright-java-15677745456779198306\package\lib\coreBundle.js:23097:52)
    at async _Frame.retryWithProgressAndBackoff (C:\Users\Admin\AppData\Local\Temp\playwright-java-15677745456779198306\package\lib\coreBundle.js:23087:16)
    at async _Frame.click (C:\Users\Admin\AppData\Local\Temp\playwright-java-15677745456779198306\package\lib\coreBundle.js:23185:27)
    at async _FrameDispatcher.click (C:\Users\Admin\AppData\Local\Temp\playwright-java-15677745456779198306\package\lib\coreBundle.js:53459:16)
    at async _ProgressController.run (C:\Users\Admin\AppData\Local\Temp\playwright-java-15677745456779198306\package\lib\coreBundle.js:11762:27)
    at async _FrameDispatcher._runCommand (C:\Users\Admin\AppData\Local\Temp\playwright-java-15677745456779198306\package\lib\coreBundle.js:18203:18)
    at async DispatcherConnection.dispatch (C:\Users\Admin\AppData\Local\Temp\playwright-java-15677745456779198306\package\lib\coreBundle.js:18408:27)
}
Call log:
-   - waiting for getByRole(AriaRole.TEXTBOX, new Page.GetByRoleOptions().setName(&quot;password&quot;))
" type="com.microsoft.playwright.impl.TargetClosedError">
      <![CDATA[com.microsoft.playwright.impl.TargetClosedError: Error {
  message='Target page, context or browser has been closed
  name='TargetClosedError
  stack='TargetClosedError:Target page, context or browser has been closed
Error
    at captureRawStack (C:\Users\Admin\AppData\Local\Temp\playwright-java-15677745456779198306\package\lib\coreBundle.js:3172:17)
    at LongStandingScope._race (C:\Users\Admin\AppData\Local\Temp\playwright-java-15677745456779198306\package\lib\coreBundle.js:3383:24)
    at LongStandingScope.race (C:\Users\Admin\AppData\Local\Temp\playwright-java-15677745456779198306\package\lib\coreBundle.js:3376:21)
    at C:\Users\Admin\AppData\Local\Temp\playwright-java-15677745456779198306\package\lib\coreBundle.js:3373:49
    at Array.map (<anonymous>)
    at LongStandingScope.raceMultiple (C:\Users\Admin\AppData\Local\Temp\playwright-java-15677745456779198306\package\lib\coreBundle.js:3373:36)
    at _Frame.retryWithProgressAndTimeouts (C:\Users\Admin\AppData\Local\Temp\playwright-java-15677745456779198306\package\lib\coreBundle.js:23097:52)
    at async _Frame.retryWithProgressAndBackoff (C:\Users\Admin\AppData\Local\Temp\playwright-java-15677745456779198306\package\lib\coreBundle.js:23087:16)
    at async _Frame.click (C:\Users\Admin\AppData\Local\Temp\playwright-java-15677745456779198306\package\lib\coreBundle.js:23185:27)
    at async _FrameDispatcher.click (C:\Users\Admin\AppData\Local\Temp\playwright-java-15677745456779198306\package\lib\coreBundle.js:53459:16)
    at async _ProgressController.run (C:\Users\Admin\AppData\Local\Temp\playwright-java-15677745456779198306\package\lib\coreBundle.js:11762:27)
    at async _FrameDispatcher._runCommand (C:\Users\Admin\AppData\Local\Temp\playwright-java-15677745456779198306\package\lib\coreBundle.js:18203:18)
    at async DispatcherConnection.dispatch (C:\Users\Admin\AppData\Local\Temp\playwright-java-15677745456779198306\package\lib\coreBundle.js:18408:27)
}
Call log:
-   - waiting for getByRole(AriaRole.TEXTBOX, new Page.GetByRoleOptions().setName("password"))

at com.microsoft.playwright.impl.WaitableResult.get(WaitableResult.java:54)
at com.microsoft.playwright.impl.ChannelOwner.runUntil(ChannelOwner.java:146)
at com.microsoft.playwright.impl.Connection.sendMessage(Connection.java:132)
at com.microsoft.playwright.impl.ChannelOwner.sendMessage(ChannelOwner.java:132)
at com.microsoft.playwright.impl.FrameImpl.clickImpl(FrameImpl.java:244)
at com.microsoft.playwright.impl.LocatorImpl.click(LocatorImpl.java:172)
at com.microsoft.playwright.Locator.click(Locator.java:2677)
at page_elements.LoginPage.password(LoginPage.java:50)
at testcases.TestCase1.invalidLogin1(TestCase1.java:37)
at java.base/jdk.internal.reflect.DirectMethodHandleAccessor.invoke(DirectMethodHandleAccessor.java:103)
at java.base/java.lang.reflect.Method.invoke(Method.java:580)
at org.testng.internal.invokers.MethodInvocationHelper.invokeMethod(MethodInvocationHelper.java:141)
at org.testng.internal.invokers.TestInvoker.invokeMethod(TestInvoker.java:687)
at org.testng.internal.invokers.TestInvoker.invokeTestMethod(TestInvoker.java:230)
at org.testng.internal.invokers.MethodRunner.runInSequence(MethodRunner.java:63)
at org.testng.internal.invokers.TestInvoker$MethodInvocationAgent.invoke(TestInvoker.java:995)
at org.testng.internal.invokers.TestInvoker.invokeTestMethods(TestInvoker.java:203)
at org.testng.internal.invokers.TestMethodWorker.invokeTestMethods(TestMethodWorker.java:154)
at org.testng.internal.invokers.TestMethodWorker.run(TestMethodWorker.java:134)
at java.base/java.util.ArrayList.forEach(ArrayList.java:1596)
at org.testng.TestRunner.privateRun(TestRunner.java:741)
at org.testng.TestRunner.run(TestRunner.java:616)
at org.testng.SuiteRunner.runTest(SuiteRunner.java:421)
at org.testng.SuiteRunner.runSequentially(SuiteRunner.java:413)
at org.testng.SuiteRunner.privateRun(SuiteRunner.java:373)
at org.testng.SuiteRunner.run(SuiteRunner.java:312)
at org.testng.SuiteRunnerWorker.runSuite(SuiteRunnerWorker.java:52)
at org.testng.SuiteRunnerWorker.run(SuiteRunnerWorker.java:95)
at org.testng.TestNG.runSuitesSequentially(TestNG.java:1274)
at org.testng.TestNG.runSuitesLocally(TestNG.java:1208)
at org.testng.TestNG.runSuites(TestNG.java:1112)
at org.testng.TestNG.run(TestNG.java:1079)
at org.testng.remote.AbstractRemoteTestNG.run(AbstractRemoteTestNG.java:115)
at org.testng.remote.RemoteTestNG.initAndRun(RemoteTestNG.java:293)
at org.testng.remote.RemoteTestNG.main(RemoteTestNG.java:91)
Caused by: com.microsoft.playwright.impl.TargetClosedError: Error {
  message='Target page, context or browser has been closed
  name='TargetClosedError
  stack='TargetClosedError:Target page, context or browser has been closed
Error
    at captureRawStack (C:\Users\Admin\AppData\Local\Temp\playwright-java-15677745456779198306\package\lib\coreBundle.js:3172:17)
    at LongStandingScope._race (C:\Users\Admin\AppData\Local\Temp\playwright-java-15677745456779198306\package\lib\coreBundle.js:3383:24)
    at LongStandingScope.race (C:\Users\Admin\AppData\Local\Temp\playwright-java-15677745456779198306\package\lib\coreBundle.js:3376:21)
    at C:\Users\Admin\AppData\Local\Temp\playwright-java-15677745456779198306\package\lib\coreBundle.js:3373:49
    at Array.map (<anonymous>)
    at LongStandingScope.raceMultiple (C:\Users\Admin\AppData\Local\Temp\playwright-java-15677745456779198306\package\lib\coreBundle.js:3373:36)
    at _Frame.retryWithProgressAndTimeouts (C:\Users\Admin\AppData\Local\Temp\playwright-java-15677745456779198306\package\lib\coreBundle.js:23097:52)
    at async _Frame.retryWithProgressAndBackoff (C:\Users\Admin\AppData\Local\Temp\playwright-java-15677745456779198306\package\lib\coreBundle.js:23087:16)
    at async _Frame.click (C:\Users\Admin\AppData\Local\Temp\playwright-java-15677745456779198306\package\lib\coreBundle.js:23185:27)
    at async _FrameDispatcher.click (C:\Users\Admin\AppData\Local\Temp\playwright-java-15677745456779198306\package\lib\coreBundle.js:53459:16)
    at async _ProgressController.run (C:\Users\Admin\AppData\Local\Temp\playwright-java-15677745456779198306\package\lib\coreBundle.js:11762:27)
    at async _FrameDispatcher._runCommand (C:\Users\Admin\AppData\Local\Temp\playwright-java-15677745456779198306\package\lib\coreBundle.js:18203:18)
    at async DispatcherConnection.dispatch (C:\Users\Admin\AppData\Local\Temp\playwright-java-15677745456779198306\package\lib\coreBundle.js:18408:27)
}
Call log:
-   - waiting for getByRole(AriaRole.TEXTBOX, new Page.GetByRoleOptions().setName("password"))

at com.microsoft.playwright.impl.Connection.dispatch(Connection.java:268)
at com.microsoft.playwright.impl.Connection.processOneMessage(Connection.java:222)
at com.microsoft.playwright.impl.ChannelOwner.runUntil(ChannelOwner.java:144)
... 33 more
]]>
    </error>
  </testcase> <!-- invalidLogin1 -->
  <testcase classname="testcases.TestCase1" name="invalidLogin2" time="17.805"/>
  <testcase classname="testcases.TestCase1" name="invalidLogin3" time="7.734">
    <error message="Error {
  message=&#039;Target page, context or browser has been closed
  name=&#039;TargetClosedError
  stack=&#039;TargetClosedError:Target page, context or browser has been closed
Error
    at captureRawStack (C:\Users\Admin\AppData\Local\Temp\playwright-java-15677745456779198306\package\lib\coreBundle.js:3172:17)
    at LongStandingScope._race (C:\Users\Admin\AppData\Local\Temp\playwright-java-15677745456779198306\package\lib\coreBundle.js:3383:24)
    at LongStandingScope.race (C:\Users\Admin\AppData\Local\Temp\playwright-java-15677745456779198306\package\lib\coreBundle.js:3376:21)
    at C:\Users\Admin\AppData\Local\Temp\playwright-java-15677745456779198306\package\lib\coreBundle.js:3373:49
    at Array.map (&lt;anonymous&gt;)
    at LongStandingScope.raceMultiple (C:\Users\Admin\AppData\Local\Temp\playwright-java-15677745456779198306\package\lib\coreBundle.js:3373:36)
    at _Frame.retryWithProgressAndTimeouts (C:\Users\Admin\AppData\Local\Temp\playwright-java-15677745456779198306\package\lib\coreBundle.js:23097:52)
    at async _Frame.retryWithProgressAndBackoff (C:\Users\Admin\AppData\Local\Temp\playwright-java-15677745456779198306\package\lib\coreBundle.js:23087:16)
    at async _Frame.click (C:\Users\Admin\AppData\Local\Temp\playwright-java-15677745456779198306\package\lib\coreBundle.js:23185:27)
    at async _FrameDispatcher.click (C:\Users\Admin\AppData\Local\Temp\playwright-java-15677745456779198306\package\lib\coreBundle.js:53459:16)
    at async _ProgressController.run (C:\Users\Admin\AppData\Local\Temp\playwright-java-15677745456779198306\package\lib\coreBundle.js:11762:27)
    at async _FrameDispatcher._runCommand (C:\Users\Admin\AppData\Local\Temp\playwright-java-15677745456779198306\package\lib\coreBundle.js:18203:18)
    at async DispatcherConnection.dispatch (C:\Users\Admin\AppData\Local\Temp\playwright-java-15677745456779198306\package\lib\coreBundle.js:18408:27)
}
Call log:
-   - waiting for getByRole(AriaRole.TEXTBOX, new Page.GetByRoleOptions().setName(&quot;password&quot;))
" type="com.microsoft.playwright.impl.TargetClosedError">
      <![CDATA[com.microsoft.playwright.impl.TargetClosedError: Error {
  message='Target page, context or browser has been closed
  name='TargetClosedError
  stack='TargetClosedError:Target page, context or browser has been closed
Error
    at captureRawStack (C:\Users\Admin\AppData\Local\Temp\playwright-java-15677745456779198306\package\lib\coreBundle.js:3172:17)
    at LongStandingScope._race (C:\Users\Admin\AppData\Local\Temp\playwright-java-15677745456779198306\package\lib\coreBundle.js:3383:24)
    at LongStandingScope.race (C:\Users\Admin\AppData\Local\Temp\playwright-java-15677745456779198306\package\lib\coreBundle.js:3376:21)
    at C:\Users\Admin\AppData\Local\Temp\playwright-java-15677745456779198306\package\lib\coreBundle.js:3373:49
    at Array.map (<anonymous>)
    at LongStandingScope.raceMultiple (C:\Users\Admin\AppData\Local\Temp\playwright-java-15677745456779198306\package\lib\coreBundle.js:3373:36)
    at _Frame.retryWithProgressAndTimeouts (C:\Users\Admin\AppData\Local\Temp\playwright-java-15677745456779198306\package\lib\coreBundle.js:23097:52)
    at async _Frame.retryWithProgressAndBackoff (C:\Users\Admin\AppData\Local\Temp\playwright-java-15677745456779198306\package\lib\coreBundle.js:23087:16)
    at async _Frame.click (C:\Users\Admin\AppData\Local\Temp\playwright-java-15677745456779198306\package\lib\coreBundle.js:23185:27)
    at async _FrameDispatcher.click (C:\Users\Admin\AppData\Local\Temp\playwright-java-15677745456779198306\package\lib\coreBundle.js:53459:16)
    at async _ProgressController.run (C:\Users\Admin\AppData\Local\Temp\playwright-java-15677745456779198306\package\lib\coreBundle.js:11762:27)
    at async _FrameDispatcher._runCommand (C:\Users\Admin\AppData\Local\Temp\playwright-java-15677745456779198306\package\lib\coreBundle.js:18203:18)
    at async DispatcherConnection.dispatch (C:\Users\Admin\AppData\Local\Temp\playwright-java-15677745456779198306\package\lib\coreBundle.js:18408:27)
}
Call log:
-   - waiting for getByRole(AriaRole.TEXTBOX, new Page.GetByRoleOptions().setName("password"))

at com.microsoft.playwright.impl.WaitableResult.get(WaitableResult.java:54)
at com.microsoft.playwright.impl.ChannelOwner.runUntil(ChannelOwner.java:146)
at com.microsoft.playwright.impl.Connection.sendMessage(Connection.java:132)
at com.microsoft.playwright.impl.ChannelOwner.sendMessage(ChannelOwner.java:132)
at com.microsoft.playwright.impl.FrameImpl.clickImpl(FrameImpl.java:244)
at com.microsoft.playwright.impl.LocatorImpl.click(LocatorImpl.java:172)
at com.microsoft.playwright.Locator.click(Locator.java:2677)
at page_elements.LoginPage.password(LoginPage.java:50)
at testcases.TestCase1.invalidLogin3(TestCase1.java:61)
at java.base/jdk.internal.reflect.DirectMethodHandleAccessor.invoke(DirectMethodHandleAccessor.java:103)
at java.base/java.lang.reflect.Method.invoke(Method.java:580)
at org.testng.internal.invokers.MethodInvocationHelper.invokeMethod(MethodInvocationHelper.java:141)
at org.testng.internal.invokers.TestInvoker.invokeMethod(TestInvoker.java:687)
at org.testng.internal.invokers.TestInvoker.invokeTestMethod(TestInvoker.java:230)
at org.testng.internal.invokers.MethodRunner.runInSequence(MethodRunner.java:63)
at org.testng.internal.invokers.TestInvoker$MethodInvocationAgent.invoke(TestInvoker.java:995)
at org.testng.internal.invokers.TestInvoker.invokeTestMethods(TestInvoker.java:203)
at org.testng.internal.invokers.TestMethodWorker.invokeTestMethods(TestMethodWorker.java:154)
at org.testng.internal.invokers.TestMethodWorker.run(TestMethodWorker.java:134)
at java.base/java.util.ArrayList.forEach(ArrayList.java:1596)
at org.testng.TestRunner.privateRun(TestRunner.java:741)
at org.testng.TestRunner.run(TestRunner.java:616)
at org.testng.SuiteRunner.runTest(SuiteRunner.java:421)
at org.testng.SuiteRunner.runSequentially(SuiteRunner.java:413)
at org.testng.SuiteRunner.privateRun(SuiteRunner.java:373)
at org.testng.SuiteRunner.run(SuiteRunner.java:312)
at org.testng.SuiteRunnerWorker.runSuite(SuiteRunnerWorker.java:52)
at org.testng.SuiteRunnerWorker.run(SuiteRunnerWorker.java:95)
at org.testng.TestNG.runSuitesSequentially(TestNG.java:1274)
at org.testng.TestNG.runSuitesLocally(TestNG.java:1208)
at org.testng.TestNG.runSuites(TestNG.java:1112)
at org.testng.TestNG.run(TestNG.java:1079)
at org.testng.remote.AbstractRemoteTestNG.run(AbstractRemoteTestNG.java:115)
at org.testng.remote.RemoteTestNG.initAndRun(RemoteTestNG.java:293)
at org.testng.remote.RemoteTestNG.main(RemoteTestNG.java:91)
Caused by: com.microsoft.playwright.impl.TargetClosedError: Error {
  message='Target page, context or browser has been closed
  name='TargetClosedError
  stack='TargetClosedError:Target page, context or browser has been closed
Error
    at captureRawStack (C:\Users\Admin\AppData\Local\Temp\playwright-java-15677745456779198306\package\lib\coreBundle.js:3172:17)
    at LongStandingScope._race (C:\Users\Admin\AppData\Local\Temp\playwright-java-15677745456779198306\package\lib\coreBundle.js:3383:24)
    at LongStandingScope.race (C:\Users\Admin\AppData\Local\Temp\playwright-java-15677745456779198306\package\lib\coreBundle.js:3376:21)
    at C:\Users\Admin\AppData\Local\Temp\playwright-java-15677745456779198306\package\lib\coreBundle.js:3373:49
    at Array.map (<anonymous>)
    at LongStandingScope.raceMultiple (C:\Users\Admin\AppData\Local\Temp\playwright-java-15677745456779198306\package\lib\coreBundle.js:3373:36)
    at _Frame.retryWithProgressAndTimeouts (C:\Users\Admin\AppData\Local\Temp\playwright-java-15677745456779198306\package\lib\coreBundle.js:23097:52)
    at async _Frame.retryWithProgressAndBackoff (C:\Users\Admin\AppData\Local\Temp\playwright-java-15677745456779198306\package\lib\coreBundle.js:23087:16)
    at async _Frame.click (C:\Users\Admin\AppData\Local\Temp\playwright-java-15677745456779198306\package\lib\coreBundle.js:23185:27)
    at async _FrameDispatcher.click (C:\Users\Admin\AppData\Local\Temp\playwright-java-15677745456779198306\package\lib\coreBundle.js:53459:16)
    at async _ProgressController.run (C:\Users\Admin\AppData\Local\Temp\playwright-java-15677745456779198306\package\lib\coreBundle.js:11762:27)
    at async _FrameDispatcher._runCommand (C:\Users\Admin\AppData\Local\Temp\playwright-java-15677745456779198306\package\lib\coreBundle.js:18203:18)
    at async DispatcherConnection.dispatch (C:\Users\Admin\AppData\Local\Temp\playwright-java-15677745456779198306\package\lib\coreBundle.js:18408:27)
}
Call log:
-   - waiting for getByRole(AriaRole.TEXTBOX, new Page.GetByRoleOptions().setName("password"))

at com.microsoft.playwright.impl.Connection.dispatch(Connection.java:268)
at com.microsoft.playwright.impl.Connection.processOneMessage(Connection.java:222)
at com.microsoft.playwright.impl.ChannelOwner.runUntil(ChannelOwner.java:144)
... 33 more
]]>
    </error>
  </testcase> <!-- invalidLogin3 -->
</testsuite> <!-- testcases.TestCase1 -->
